2026-07-20T10:52:13Z INF Thank you for trying Cloudflare Tunnel. Doing so, without a Cloudflare account, is a quick way to experiment and try it out. However, be aware that these account-less Tunnels have no uptime guarantee, are subject to the Cloudflare Online Services Terms of Use (https://www.cloudflare.com/website-terms/), and Cloudflare reserves the right to investigate your use of Tunnels for violations of such terms. If you intend to use Tunnels in production you should use a pre-created named tunnel by following: https://developers.cloudflare.com/cloudflare-one/connections/connect-apps
2026-07-20T10:52:13Z INF Requesting new quick Tunnel on trycloudflare.com...
2026-07-20T10:52:18Z INF +--------------------------------------------------------------------------------------------+
2026-07-20T10:52:18Z INF |  Your quick Tunnel has been created! Visit it at (it may take some time to be reachable):  |
2026-07-20T10:52:18Z INF |  https://investor-impose-ultram-tissue.trycloudflare.com                                   |
2026-07-20T10:52:18Z INF +--------------------------------------------------------------------------------------------+
2026-07-20T10:52:18Z INF Version 2026.5.0 (Checksum 29795bf644af7b8e92b6b1f1244b634eff07a2f6e197ef151f342526fb05045d)
2026-07-20T10:52:18Z INF GOOS: darwin, GOVersion: go1.26.3, GoArch: arm64
2026-07-20T10:52:18Z INF Settings: map[cred-file:/Users/codenolimits-dreamai-nanach/.cloudflared/8a6bc8d6-d485-46d5-937c-ada43ac43778.json credentials-file:/Users/codenolimits-dreamai-nanach/.cloudflared/8a6bc8d6-d485-46d5-937c-ada43ac43778.json ha-connections:1 no-autoupdate:true protocol:quic url:http://127.0.0.1:8791]
2026-07-20T10:52:18Z INF cloudflared will not automatically update if installed by a package manager.
2026-07-20T10:52:18Z INF Generated Connector ID: de1a1d00-8803-4942-9dfe-52b506008d49
2026-07-20T10:52:18Z INF Initial protocol quic
2026-07-20T10:52:18Z INF ICMP proxy will use 192.168.1.135 as source for IPv4
2026-07-20T10:52:18Z INF ICMP proxy will use fe80::183d:be32:248d:d5ab in zone en0 as source for IPv6
2026-07-20T10:52:18Z INF Created ICMP proxy listening on 192.168.1.135:0
2026-07-20T10:52:18Z INF ICMP proxy will use 192.168.1.135 as source for IPv4
2026-07-20T10:52:18Z INF ICMP proxy will use fe80::183d:be32:248d:d5ab in zone en0 as source for IPv6
2026-07-20T10:52:18Z INF Starting metrics server on 127.0.0.1:20242/metrics
2026-07-20T10:52:18Z INF Tunnel connection curve preferences: [X25519MLKEM768 CurveID(65074) CurveP256] connIndex=0 event=0 ip=2606:4700:a0::10
2026-07-20T10:52:18Z INF Registered tunnel connection connIndex=0 connection=a6a5d6fb-ed70-4b31-b3b2-5e0de13f7cfb event=0 ip=2606:4700:a0::10 location=tlv02 protocol=quic
2026-07-20T10:54:47Z INF Initiating graceful shutdown due to signal terminated ...
2026-07-20T10:54:47Z ERR failed to run the datagram handler error="context canceled" connIndex=0 event=0 ip=2606:4700:a0::10
2026-07-20T10:54:47Z ERR failed to serve tunnel connection error="accept stream listener encountered a failure while serving" connIndex=0 event=0 ip=2606:4700:a0::10
2026-07-20T10:54:47Z ERR Serve tunnel error error="accept stream listener encountered a failure while serving" connIndex=0 event=0 ip=2606:4700:a0::10
2026-07-20T10:54:47Z INF Retrying connection in up to 1s connIndex=0 event=0 ip=2606:4700:a0::10
2026-07-20T10:54:47Z ERR Connection terminated connIndex=0
2026-07-20T10:54:47Z ERR no more connections active and exiting
2026-07-20T10:54:47Z INF Tunnel server stopped
2026-07-20T10:54:47Z INF Metrics server stopped
